\BOOKMARK [1][-]{section.1}{\376\377\000E\000i\000n\000l\000e\000i\000t\000u\000n\000g}{}% 1
\BOOKMARK [2][-]{subsection.1.1}{\376\377\000F\000r\000a\000g\000e\000s\000t\000e\000l\000l\000u\000n\000g\000e\000n\000\040\000d\000e\000r\000\040\000A\000r\000b\000e\000i\000t}{section.1}% 2
\BOOKMARK [2][-]{subsection.1.2}{\376\377\000Z\000i\000e\000l\000e\000\040\000d\000e\000r\000\040\000A\000r\000b\000e\000i\000t}{section.1}% 3
\BOOKMARK [2][-]{subsection.1.3}{\376\377\000Z\000u\000s\000a\000m\000m\000e\000n\000f\000a\000s\000s\000u\000n\000g}{section.1}% 4
\BOOKMARK [2][-]{subsection.1.4}{\376\377\000U\000s\000e\000\040\000C\000a\000s\000e}{section.1}% 5
\BOOKMARK [2][-]{subsection.1.5}{\376\377\000S\000y\000s\000t\000e\000m\000s\000c\000h\000n\000i\000t\000t\000s\000t\000e\000l\000l\000e\000n}{section.1}% 6
\BOOKMARK [1][-]{section.2}{\376\377\000A\000b\000g\000r\000e\000n\000z\000u\000n\000g\000\040\000z\000u\000\040\000\344\000h\000n\000l\000i\000c\000h\000e\000n\000\040\000P\000r\000o\000d\000u\000k\000t\000e\000n}{}% 7
\BOOKMARK [2][-]{subsection.2.1}{\376\377\000M\000i\000c\000r\000o\000s\000o\000f\000t\000\040\000T\000e\000a\000m\000s}{section.2}% 8
\BOOKMARK [2][-]{subsection.2.2}{\376\377\000O\000u\000t\000l\000o\000o\000k}{section.2}% 9
\BOOKMARK [2][-]{subsection.2.3}{\376\377\000M\000i\000c\000r\000o\000s\000o\000f\000t\000\040\000B\000o\000o\000k\000i\000n\000g\000s}{section.2}% 10
\BOOKMARK [2][-]{subsection.2.4}{\376\377\000M\000i\000c\000r\000o\000s\000o\000f\000t\000\040\000P\000o\000w\000e\000r\000\040\000A\000u\000t\000o\000m\000a\000t\000e}{section.2}% 11
\BOOKMARK [2][-]{subsection.2.5}{\376\377\000S\000p\000e\000z\000i\000f\000i\000s\000c\000h\000e\000\040\000G\000r\000\374\000n\000d\000e\000\040\000f\000\374\000r\000\040\000d\000i\000e\000\040\000E\000n\000t\000w\000i\000c\000k\000l\000u\000n\000g\000\040\000e\000i\000n\000e\000r\000\040\000e\000i\000g\000e\000n\000e\000n\000\040\000A\000p\000p\000l\000i\000k\000a\000t\000i\000o\000n}{section.2}% 12
\BOOKMARK [1][-]{section.3}{\376\377\000T\000h\000e\000o\000r\000i\000e}{}% 13
\BOOKMARK [2][-]{subsection.3.1}{\376\377\000M\000i\000c\000r\000o\000s\000o\000f\000t\000\040\000G\000r\000a\000p\000h\000\040\000A\000P\000I}{section.3}% 14
\BOOKMARK [1][-]{section.4}{\376\377\000I\000s\000t\000-\000Z\000u\000s\000t\000a\000n\000d}{}% 15
\BOOKMARK [2][-]{subsection.4.1}{\376\377\000D\000e\000f\000i\000n\000i\000t\000i\000o\000n\000e\000n}{section.4}% 16
\BOOKMARK [1][-]{section.5}{\376\377\000S\000o\000l\000l\000-\000Z\000u\000s\000t\000a\000n\000d}{}% 17
\BOOKMARK [2][-]{subsection.5.1}{\376\377\000A\000n\000f\000o\000r\000d\000e\000r\000u\000n\000g\000e\000n}{section.5}% 18
\BOOKMARK [2][-]{subsection.5.2}{\376\377\000U\000s\000e\000r\000\040\000I\000n\000t\000e\000r\000f\000a\000c\000e}{section.5}% 19
\BOOKMARK [2][-]{subsection.5.3}{\376\377\000L\000E\000D\000\040\000S\000t\000r\000i\000p\000s}{section.5}% 20
\BOOKMARK [1][-]{section.6}{\376\377\000V\000o\000r\000g\000e\000h\000e\000n\000s\000w\000e\000i\000s\000e}{}% 21
\BOOKMARK [2][-]{subsection.6.1}{\376\377\000P\000r\000o\000t\000o\000t\000y\000p}{section.6}% 22
\BOOKMARK [2][-]{subsection.6.2}{\376\377\000T\000e\000c\000h\000n\000i\000s\000c\000h\000e\000\040\000U\000m\000s\000e\000t\000z\000u\000n\000g}{section.6}% 23
\BOOKMARK [3][-]{subsubsection.6.2.1}{\376\377\000G\000r\000o\000b\000e\000\040\000P\000l\000a\000n\000u\000n\000g}{subsection.6.2}% 24
\BOOKMARK [3][-]{subsubsection.6.2.2}{\376\377\000H\000a\000r\000d\000w\000a\000r\000e\000\040\000u\000n\000d\000\040\000S\000o\000f\000t\000w\000a\000r\000e}{subsection.6.2}% 25
